[2025-03-24 19:12:04] [DEBUG] Resolving dependency {"abstract":"App\\Infrastructure\\Routing\\Contracts\\RouterInterface"}
[2025-03-24 19:12:04] [DEBUG] Resolving dependency {"abstract":"App\\Infrastructure\\Routing\\Router"}
[2025-03-24 19:12:04] [DEBUG] Resolving dependency {"abstract":"App\\Infrastructure\\Container\\Contracts\\ContainerInterface"}
[2025-03-24 19:12:04] [DEBUG] Resolving dependency {"abstract":"App\\Infrastructure\\Routing\\Contracts\\UrlGeneratorInterface"}
[2025-03-24 19:12:04] [DEBUG] Resolving dependency {"abstract":"App\\Infrastructure\\Routing\\UrlGenerator"}
[2025-03-24 19:12:04] [DEBUG] Resolved dependency {"abstract":"App\\Infrastructure\\Routing\\UrlGenerator"}
[2025-03-24 19:12:04] [DEBUG] Resolved dependency {"abstract":"App\\Infrastructure\\Routing\\Contracts\\UrlGeneratorInterface"}
[2025-03-24 19:12:04] [DEBUG] Resolving dependency {"abstract":"App\\Infrastructure\\Http\\Contracts\\ResponseFactoryInterface"}
[2025-03-24 19:12:04] [DEBUG] Resolving dependency {"abstract":"App\\Infrastructure\\Http\\Factory\\ResponseFactory"}
[2025-03-24 19:12:04] [DEBUG] Resolved dependency {"abstract":"App\\Infrastructure\\Http\\Factory\\ResponseFactory"}
[2025-03-24 19:12:04] [DEBUG] Resolved dependency {"abstract":"App\\Infrastructure\\Http\\Contracts\\ResponseFactoryInterface"}
[2025-03-24 19:12:04] [DEBUG] Resolving dependency {"abstract":"App\\Infrastructure\\Logging\\Contracts\\LoggerInterface"}
[2025-03-24 19:12:04] [DEBUG] Resolved dependency {"abstract":"App\\Infrastructure\\Routing\\Router"}
[2025-03-24 19:12:04] [DEBUG] Resolved dependency {"abstract":"App\\Infrastructure\\Routing\\Contracts\\RouterInterface"}
[2025-03-24 19:12:04] [DEBUG] Resolving dependency {"abstract":"App\\Infrastructure\\Routing\\Contracts\\RouteScannerInterface"}
[2025-03-24 19:12:04] [DEBUG] Resolving dependency {"abstract":"App\\Infrastructure\\Routing\\RouteScanner"}
[2025-03-24 19:12:04] [DEBUG] Resolving dependency {"abstract":"App\\Infrastructure\\Routing\\Contracts\\RouterInterface"}
[2025-03-24 19:12:04] [DEBUG] Resolving dependency {"abstract":"App\\Infrastructure\\Routing\\Router"}
[2025-03-24 19:12:04] [DEBUG] Resolved dependency {"abstract":"App\\Infrastructure\\Routing\\Contracts\\RouterInterface"}
[2025-03-24 19:12:04] [DEBUG] Resolving dependency {"abstract":"App\\Infrastructure\\Routing\\Contracts\\UrlGeneratorInterface"}
[2025-03-24 19:12:04] [DEBUG] Resolving dependency {"abstract":"App\\Infrastructure\\Routing\\UrlGenerator"}
[2025-03-24 19:12:04] [DEBUG] Resolved dependency {"abstract":"App\\Infrastructure\\Routing\\Contracts\\UrlGeneratorInterface"}
[2025-03-24 19:12:04] [DEBUG] Resolved dependency {"abstract":"App\\Infrastructure\\Routing\\Contracts\\RouteScannerInterface"}
[2025-03-24 19:12:04] [DEBUG] Resolving dependency {"abstract":"App\\Infrastructure\\Routing\\Contracts\\RouterInterface"}
[2025-03-24 19:12:04] [DEBUG] Resolving dependency {"abstract":"App\\Infrastructure\\Routing\\Router"}
[2025-03-24 19:12:04] [DEBUG] Resolved dependency {"abstract":"App\\Infrastructure\\Routing\\Contracts\\RouterInterface"}
[2025-03-24 19:12:04] [DEBUG] Resolving dependency {"abstract":"App\\Infrastructure\\Application\\Application"}
[2025-03-24 19:12:04] [DEBUG] Resolving dependency {"abstract":"App\\Infrastructure\\Container\\Contracts\\ContainerInterface"}
[2025-03-24 19:12:04] [DEBUG] Resolving dependency {"abstract":"App\\Infrastructure\\Http\\Contracts\\RequestFactoryInterface"}
[2025-03-24 19:12:04] [DEBUG] Resolving dependency {"abstract":"App\\Infrastructure\\Http\\Factory\\RequestFactory"}
[2025-03-24 19:12:04] [DEBUG] Resolved dependency {"abstract":"App\\Infrastructure\\Http\\Contracts\\RequestFactoryInterface"}
[2025-03-24 19:12:04] [DEBUG] Resolving dependency {"abstract":"App\\Infrastructure\\Routing\\Contracts\\RouterInterface"}
[2025-03-24 19:12:04] [DEBUG] Resolving dependency {"abstract":"App\\Infrastructure\\Routing\\Router"}
[2025-03-24 19:12:04] [DEBUG] Resolved dependency {"abstract":"App\\Infrastructure\\Routing\\Contracts\\RouterInterface"}
[2025-03-24 19:12:04] [DEBUG] Resolving dependency {"abstract":"App\\Infrastructure\\Session\\Contracts\\SessionInterface"}
[2025-03-24 19:12:04] [DEBUG] Resolving dependency {"abstract":"App\\Infrastructure\\Session\\Session"}
[2025-03-24 19:12:04] [DEBUG] Resolving dependency {"abstract":"App\\Infrastructure\\Session\\FlashMessageProvider"}
[2025-03-24 19:12:04] [DEBUG] Resolving dependency {"abstract":"App\\Infrastructure\\Container\\Contracts\\ContainerInterface"}
[2025-03-24 19:12:04] [DEBUG] Resolved dependency {"abstract":"App\\Infrastructure\\Session\\FlashMessageProvider"}
[2025-03-24 19:12:04] [DEBUG] Resolving dependency {"abstract":"App\\Infrastructure\\Session\\SessionConfiguration"}
[2025-03-24 19:12:04] [DEBUG] Resolved dependency {"abstract":"App\\Infrastructure\\Session\\SessionConfiguration"}
[2025-03-24 19:12:04] [DEBUG] Resolving dependency {"abstract":"App\\Infrastructure\\Session\\Contracts\\SessionStoreInterface"}
[2025-03-24 19:12:04] [DEBUG] Resolving dependency {"abstract":"App\\Infrastructure\\Session\\SessionConfiguration"}
[2025-03-24 19:12:04] [DEBUG] Resolved dependency {"abstract":"App\\Infrastructure\\Session\\Contracts\\SessionStoreInterface"}
[2025-03-24 19:12:04] [DEBUG] Resolving dependency {"abstract":"App\\Infrastructure\\Logging\\Contracts\\LoggerInterface"}
[2025-03-24 19:12:04] [DEBUG] Resolved dependency {"abstract":"App\\Infrastructure\\Session\\Session"}
[2025-03-24 19:12:04] [DEBUG] Resolved dependency {"abstract":"App\\Infrastructure\\Session\\Contracts\\SessionInterface"}
[2025-03-24 19:12:04] [DEBUG] Resolving dependency {"abstract":"App\\Infrastructure\\Logging\\Contracts\\LoggerInterface"}
[2025-03-24 19:12:04] [INFO] Application starting 
[2025-03-24 19:12:04] [DEBUG] Session started {"id":"m4r8k4srtp0mf39s9sgufg0bub"}
[2025-03-24 19:12:04] [DEBUG] Request created {"method":"GET","path":"/kickerscup/public/","ip":"::1"}
[2025-03-24 19:12:04] [INFO] Route not found {"method":"GET","path":"/kickerscup/public/"}
[2025-03-24 19:12:04] [DEBUG] Resolving dependency {"abstract":"App\\Infrastructure\\Http\\Contracts\\ResponseFactoryInterface"}
[2025-03-24 19:12:04] [DEBUG] Resolving dependency {"abstract":"App\\Infrastructure\\Http\\Factory\\ResponseFactory"}
[2025-03-24 19:12:04] [DEBUG] Resolved dependency {"abstract":"App\\Infrastructure\\Http\\Contracts\\ResponseFactoryInterface"}
[2025-03-24 19:12:04] [INFO] Request processed successfully {"status":404}
[2025-03-24 19:12:04] [DEBUG] Request finished 
[2025-03-24 19:13:53] [DEBUG] Resolving dependency {"abstract":"App\\Infrastructure\\Routing\\Contracts\\RouterInterface"}
[2025-03-24 19:13:53] [DEBUG] Resolving dependency {"abstract":"App\\Infrastructure\\Routing\\Router"}
[2025-03-24 19:13:53] [DEBUG] Resolving dependency {"abstract":"App\\Infrastructure\\Container\\Contracts\\ContainerInterface"}
[2025-03-24 19:13:53] [DEBUG] Resolving dependency {"abstract":"App\\Infrastructure\\Routing\\Contracts\\UrlGeneratorInterface"}
[2025-03-24 19:13:53] [DEBUG] Resolving dependency {"abstract":"App\\Infrastructure\\Routing\\UrlGenerator"}
[2025-03-24 19:13:53] [DEBUG] Resolved dependency {"abstract":"App\\Infrastructure\\Routing\\UrlGenerator"}
[2025-03-24 19:13:53] [DEBUG] Resolved dependency {"abstract":"App\\Infrastructure\\Routing\\Contracts\\UrlGeneratorInterface"}
[2025-03-24 19:13:53] [DEBUG] Resolving dependency {"abstract":"App\\Infrastructure\\Http\\Contracts\\ResponseFactoryInterface"}
[2025-03-24 19:13:53] [DEBUG] Resolving dependency {"abstract":"App\\Infrastructure\\Http\\Factory\\ResponseFactory"}
[2025-03-24 19:13:53] [DEBUG] Resolved dependency {"abstract":"App\\Infrastructure\\Http\\Factory\\ResponseFactory"}
[2025-03-24 19:13:53] [DEBUG] Resolved dependency {"abstract":"App\\Infrastructure\\Http\\Contracts\\ResponseFactoryInterface"}
[2025-03-24 19:13:53] [DEBUG] Resolving dependency {"abstract":"App\\Infrastructure\\Logging\\Contracts\\LoggerInterface"}
[2025-03-24 19:13:53] [DEBUG] Resolved dependency {"abstract":"App\\Infrastructure\\Routing\\Router"}
[2025-03-24 19:13:53] [DEBUG] Resolved dependency {"abstract":"App\\Infrastructure\\Routing\\Contracts\\RouterInterface"}
[2025-03-24 19:13:53] [DEBUG] Resolving dependency {"abstract":"App\\Infrastructure\\Routing\\Contracts\\RouteScannerInterface"}
[2025-03-24 19:13:53] [DEBUG] Resolving dependency {"abstract":"App\\Infrastructure\\Routing\\RouteScanner"}
[2025-03-24 19:13:53] [DEBUG] Resolving dependency {"abstract":"App\\Infrastructure\\Routing\\Contracts\\RouterInterface"}
[2025-03-24 19:13:53] [DEBUG] Resolving dependency {"abstract":"App\\Infrastructure\\Routing\\Router"}
[2025-03-24 19:13:53] [DEBUG] Resolved dependency {"abstract":"App\\Infrastructure\\Routing\\Contracts\\RouterInterface"}
[2025-03-24 19:13:53] [DEBUG] Resolving dependency {"abstract":"App\\Infrastructure\\Routing\\Contracts\\UrlGeneratorInterface"}
[2025-03-24 19:13:53] [DEBUG] Resolving dependency {"abstract":"App\\Infrastructure\\Routing\\UrlGenerator"}
[2025-03-24 19:13:53] [DEBUG] Resolved dependency {"abstract":"App\\Infrastructure\\Routing\\Contracts\\UrlGeneratorInterface"}
[2025-03-24 19:13:53] [DEBUG] Resolved dependency {"abstract":"App\\Infrastructure\\Routing\\Contracts\\RouteScannerInterface"}
[2025-03-24 19:13:53] [DEBUG] Resolving dependency {"abstract":"App\\Infrastructure\\Routing\\Contracts\\RouterInterface"}
[2025-03-24 19:13:53] [DEBUG] Resolving dependency {"abstract":"App\\Infrastructure\\Routing\\Router"}
[2025-03-24 19:13:53] [DEBUG] Resolved dependency {"abstract":"App\\Infrastructure\\Routing\\Contracts\\RouterInterface"}
[2025-03-24 19:13:53] [DEBUG] Resolving dependency {"abstract":"App\\Infrastructure\\Application\\Application"}
[2025-03-24 19:13:53] [DEBUG] Resolving dependency {"abstract":"App\\Infrastructure\\Container\\Contracts\\ContainerInterface"}
[2025-03-24 19:13:53] [DEBUG] Resolving dependency {"abstract":"App\\Infrastructure\\Http\\Contracts\\RequestFactoryInterface"}
[2025-03-24 19:13:53] [DEBUG] Resolving dependency {"abstract":"App\\Infrastructure\\Http\\Factory\\RequestFactory"}
[2025-03-24 19:13:53] [DEBUG] Resolved dependency {"abstract":"App\\Infrastructure\\Http\\Contracts\\RequestFactoryInterface"}
[2025-03-24 19:13:53] [DEBUG] Resolving dependency {"abstract":"App\\Infrastructure\\Routing\\Contracts\\RouterInterface"}
[2025-03-24 19:13:53] [DEBUG] Resolving dependency {"abstract":"App\\Infrastructure\\Routing\\Router"}
[2025-03-24 19:13:53] [DEBUG] Resolved dependency {"abstract":"App\\Infrastructure\\Routing\\Contracts\\RouterInterface"}
[2025-03-24 19:13:53] [DEBUG] Resolving dependency {"abstract":"App\\Infrastructure\\Session\\Contracts\\SessionInterface"}
[2025-03-24 19:13:53] [DEBUG] Resolving dependency {"abstract":"App\\Infrastructure\\Session\\Session"}
[2025-03-24 19:13:53] [DEBUG] Resolving dependency {"abstract":"App\\Infrastructure\\Session\\FlashMessageProvider"}
[2025-03-24 19:13:53] [DEBUG] Resolving dependency {"abstract":"App\\Infrastructure\\Container\\Contracts\\ContainerInterface"}
[2025-03-24 19:13:53] [DEBUG] Resolved dependency {"abstract":"App\\Infrastructure\\Session\\FlashMessageProvider"}
[2025-03-24 19:13:53] [DEBUG] Resolving dependency {"abstract":"App\\Infrastructure\\Session\\SessionConfiguration"}
[2025-03-24 19:13:53] [DEBUG] Resolved dependency {"abstract":"App\\Infrastructure\\Session\\SessionConfiguration"}
[2025-03-24 19:13:53] [DEBUG] Resolving dependency {"abstract":"App\\Infrastructure\\Session\\Contracts\\SessionStoreInterface"}
[2025-03-24 19:13:53] [DEBUG] Resolving dependency {"abstract":"App\\Infrastructure\\Session\\SessionConfiguration"}
[2025-03-24 19:13:53] [DEBUG] Resolved dependency {"abstract":"App\\Infrastructure\\Session\\Contracts\\SessionStoreInterface"}
[2025-03-24 19:13:53] [DEBUG] Resolving dependency {"abstract":"App\\Infrastructure\\Logging\\Contracts\\LoggerInterface"}
[2025-03-24 19:13:53] [DEBUG] Resolved dependency {"abstract":"App\\Infrastructure\\Session\\Session"}
[2025-03-24 19:13:53] [DEBUG] Resolved dependency {"abstract":"App\\Infrastructure\\Session\\Contracts\\SessionInterface"}
[2025-03-24 19:13:53] [DEBUG] Resolving dependency {"abstract":"App\\Infrastructure\\Logging\\Contracts\\LoggerInterface"}
[2025-03-24 19:13:53] [INFO] Application starting 
[2025-03-24 19:13:53] [DEBUG] Session started {"id":"m4r8k4srtp0mf39s9sgufg0bub"}
[2025-03-24 19:13:53] [DEBUG] Request created {"method":"GET","path":"/kickerscup/public/","ip":"::1"}
[2025-03-24 19:13:53] [INFO] Route not found {"method":"GET","path":"/kickerscup/public/"}
[2025-03-24 19:13:53] [DEBUG] Resolving dependency {"abstract":"App\\Infrastructure\\Http\\Contracts\\ResponseFactoryInterface"}
[2025-03-24 19:13:53] [DEBUG] Resolving dependency {"abstract":"App\\Infrastructure\\Http\\Factory\\ResponseFactory"}
[2025-03-24 19:13:53] [DEBUG] Resolved dependency {"abstract":"App\\Infrastructure\\Http\\Contracts\\ResponseFactoryInterface"}
[2025-03-24 19:13:53] [INFO] Request processed successfully {"status":404}
[2025-03-24 19:13:53] [DEBUG] Request finished 
[2025-03-24 19:20:48] [DEBUG] Resolving dependency {"abstract":"App\\Infrastructure\\Routing\\Contracts\\RouterInterface"}
[2025-03-24 19:20:48] [DEBUG] Resolving dependency {"abstract":"App\\Infrastructure\\Routing\\Router"}
[2025-03-24 19:20:48] [DEBUG] Resolving dependency {"abstract":"App\\Infrastructure\\Container\\Contracts\\ContainerInterface"}
[2025-03-24 19:20:48] [DEBUG] Resolving dependency {"abstract":"App\\Infrastructure\\Routing\\Contracts\\UrlGeneratorInterface"}
[2025-03-24 19:20:48] [DEBUG] Resolving dependency {"abstract":"App\\Infrastructure\\Routing\\UrlGenerator"}
[2025-03-24 19:20:48] [DEBUG] Resolved dependency {"abstract":"App\\Infrastructure\\Routing\\UrlGenerator"}
[2025-03-24 19:20:48] [DEBUG] Resolved dependency {"abstract":"App\\Infrastructure\\Routing\\Contracts\\UrlGeneratorInterface"}
[2025-03-24 19:20:48] [DEBUG] Resolving dependency {"abstract":"App\\Infrastructure\\Http\\Contracts\\ResponseFactoryInterface"}
[2025-03-24 19:20:48] [DEBUG] Resolving dependency {"abstract":"App\\Infrastructure\\Http\\Factory\\ResponseFactory"}
[2025-03-24 19:20:48] [DEBUG] Resolved dependency {"abstract":"App\\Infrastructure\\Http\\Factory\\ResponseFactory"}
[2025-03-24 19:20:48] [DEBUG] Resolved dependency {"abstract":"App\\Infrastructure\\Http\\Contracts\\ResponseFactoryInterface"}
[2025-03-24 19:20:48] [DEBUG] Resolving dependency {"abstract":"App\\Infrastructure\\Logging\\Contracts\\LoggerInterface"}
[2025-03-24 19:20:48] [DEBUG] Resolved dependency {"abstract":"App\\Infrastructure\\Routing\\Router"}
[2025-03-24 19:20:48] [DEBUG] Resolved dependency {"abstract":"App\\Infrastructure\\Routing\\Contracts\\RouterInterface"}
[2025-03-24 19:20:48] [DEBUG] Resolving dependency {"abstract":"App\\Infrastructure\\Routing\\Contracts\\RouteScannerInterface"}
[2025-03-24 19:20:48] [DEBUG] Resolving dependency {"abstract":"App\\Infrastructure\\Routing\\RouteScanner"}
[2025-03-24 19:20:48] [DEBUG] Resolving dependency {"abstract":"App\\Infrastructure\\Routing\\Contracts\\RouterInterface"}
[2025-03-24 19:20:48] [DEBUG] Resolving dependency {"abstract":"App\\Infrastructure\\Routing\\Router"}
[2025-03-24 19:20:48] [DEBUG] Resolved dependency {"abstract":"App\\Infrastructure\\Routing\\Contracts\\RouterInterface"}
[2025-03-24 19:20:48] [DEBUG] Resolving dependency {"abstract":"App\\Infrastructure\\Routing\\Contracts\\UrlGeneratorInterface"}
[2025-03-24 19:20:48] [DEBUG] Resolving dependency {"abstract":"App\\Infrastructure\\Routing\\UrlGenerator"}
[2025-03-24 19:20:48] [DEBUG] Resolved dependency {"abstract":"App\\Infrastructure\\Routing\\Contracts\\UrlGeneratorInterface"}
[2025-03-24 19:20:48] [DEBUG] Resolved dependency {"abstract":"App\\Infrastructure\\Routing\\Contracts\\RouteScannerInterface"}
[2025-03-24 19:20:48] [DEBUG] Resolving dependency {"abstract":"App\\Infrastructure\\Routing\\Contracts\\RouterInterface"}
[2025-03-24 19:20:48] [DEBUG] Resolving dependency {"abstract":"App\\Infrastructure\\Routing\\Router"}
[2025-03-24 19:20:48] [DEBUG] Resolved dependency {"abstract":"App\\Infrastructure\\Routing\\Contracts\\RouterInterface"}
[2025-03-24 19:20:48] [DEBUG] Resolving dependency {"abstract":"App\\Infrastructure\\Application\\Application"}
[2025-03-24 19:20:48] [DEBUG] Resolving dependency {"abstract":"App\\Infrastructure\\Container\\Contracts\\ContainerInterface"}
[2025-03-24 19:20:48] [DEBUG] Resolving dependency {"abstract":"App\\Infrastructure\\Http\\Contracts\\RequestFactoryInterface"}
[2025-03-24 19:20:48] [DEBUG] Resolving dependency {"abstract":"App\\Infrastructure\\Http\\Factory\\RequestFactory"}
[2025-03-24 19:20:48] [DEBUG] Resolved dependency {"abstract":"App\\Infrastructure\\Http\\Contracts\\RequestFactoryInterface"}
[2025-03-24 19:20:48] [DEBUG] Resolving dependency {"abstract":"App\\Infrastructure\\Routing\\Contracts\\RouterInterface"}
[2025-03-24 19:20:48] [DEBUG] Resolving dependency {"abstract":"App\\Infrastructure\\Routing\\Router"}
[2025-03-24 19:20:48] [DEBUG] Resolved dependency {"abstract":"App\\Infrastructure\\Routing\\Contracts\\RouterInterface"}
[2025-03-24 19:20:48] [DEBUG] Resolving dependency {"abstract":"App\\Infrastructure\\Session\\Contracts\\SessionInterface"}
[2025-03-24 19:20:48] [DEBUG] Resolving dependency {"abstract":"App\\Infrastructure\\Session\\Session"}
[2025-03-24 19:20:48] [DEBUG] Resolving dependency {"abstract":"App\\Infrastructure\\Session\\FlashMessageProvider"}
[2025-03-24 19:20:48] [DEBUG] Resolving dependency {"abstract":"App\\Infrastructure\\Container\\Contracts\\ContainerInterface"}
[2025-03-24 19:20:48] [DEBUG] Resolved dependency {"abstract":"App\\Infrastructure\\Session\\FlashMessageProvider"}
[2025-03-24 19:20:48] [DEBUG] Resolving dependency {"abstract":"App\\Infrastructure\\Session\\SessionConfiguration"}
[2025-03-24 19:20:48] [DEBUG] Resolved dependency {"abstract":"App\\Infrastructure\\Session\\SessionConfiguration"}
[2025-03-24 19:20:48] [DEBUG] Resolving dependency {"abstract":"App\\Infrastructure\\Session\\Contracts\\SessionStoreInterface"}
[2025-03-24 19:20:48] [DEBUG] Resolving dependency {"abstract":"App\\Infrastructure\\Session\\SessionConfiguration"}
[2025-03-24 19:20:48] [DEBUG] Resolved dependency {"abstract":"App\\Infrastructure\\Session\\Contracts\\SessionStoreInterface"}
[2025-03-24 19:20:48] [DEBUG] Resolving dependency {"abstract":"App\\Infrastructure\\Logging\\Contracts\\LoggerInterface"}
[2025-03-24 19:20:48] [DEBUG] Resolved dependency {"abstract":"App\\Infrastructure\\Session\\Session"}
[2025-03-24 19:20:48] [DEBUG] Resolved dependency {"abstract":"App\\Infrastructure\\Session\\Contracts\\SessionInterface"}
[2025-03-24 19:20:48] [DEBUG] Resolving dependency {"abstract":"App\\Infrastructure\\Logging\\Contracts\\LoggerInterface"}
[2025-03-24 19:20:48] [INFO] Application starting 
[2025-03-24 19:20:48] [DEBUG] Session started {"id":"m4r8k4srtp0mf39s9sgufg0bub"}
[2025-03-24 19:20:48] [DEBUG] Request created {"method":"GET","path":"/kickerscup/public/","ip":"::1"}
[2025-03-24 19:20:48] [INFO] Route not found {"method":"GET","path":"/kickerscup/public/"}
[2025-03-24 19:20:48] [DEBUG] Resolving dependency {"abstract":"App\\Infrastructure\\Http\\Contracts\\ResponseFactoryInterface"}
[2025-03-24 19:20:48] [DEBUG] Resolving dependency {"abstract":"App\\Infrastructure\\Http\\Factory\\ResponseFactory"}
[2025-03-24 19:20:48] [DEBUG] Resolved dependency {"abstract":"App\\Infrastructure\\Http\\Contracts\\ResponseFactoryInterface"}
[2025-03-24 19:20:48] [INFO] Request processed successfully {"status":404}
[2025-03-24 19:20:48] [DEBUG] Request finished 
[2025-03-24 19:20:51] [DEBUG] Resolving dependency {"abstract":"App\\Infrastructure\\Routing\\Contracts\\RouterInterface"}
[2025-03-24 19:20:51] [DEBUG] Resolving dependency {"abstract":"App\\Infrastructure\\Routing\\Router"}
[2025-03-24 19:20:51] [DEBUG] Resolving dependency {"abstract":"App\\Infrastructure\\Container\\Contracts\\ContainerInterface"}
[2025-03-24 19:20:51] [DEBUG] Resolving dependency {"abstract":"App\\Infrastructure\\Routing\\Contracts\\UrlGeneratorInterface"}
[2025-03-24 19:20:51] [DEBUG] Resolving dependency {"abstract":"App\\Infrastructure\\Routing\\UrlGenerator"}
[2025-03-24 19:20:51] [DEBUG] Resolved dependency {"abstract":"App\\Infrastructure\\Routing\\UrlGenerator"}
[2025-03-24 19:20:51] [DEBUG] Resolved dependency {"abstract":"App\\Infrastructure\\Routing\\Contracts\\UrlGeneratorInterface"}
[2025-03-24 19:20:51] [DEBUG] Resolving dependency {"abstract":"App\\Infrastructure\\Http\\Contracts\\ResponseFactoryInterface"}
[2025-03-24 19:20:51] [DEBUG] Resolving dependency {"abstract":"App\\Infrastructure\\Http\\Factory\\ResponseFactory"}
[2025-03-24 19:20:51] [DEBUG] Resolved dependency {"abstract":"App\\Infrastructure\\Http\\Factory\\ResponseFactory"}
[2025-03-24 19:20:51] [DEBUG] Resolved dependency {"abstract":"App\\Infrastructure\\Http\\Contracts\\ResponseFactoryInterface"}
[2025-03-24 19:20:51] [DEBUG] Resolving dependency {"abstract":"App\\Infrastructure\\Logging\\Contracts\\LoggerInterface"}
[2025-03-24 19:20:51] [DEBUG] Resolved dependency {"abstract":"App\\Infrastructure\\Routing\\Router"}
[2025-03-24 19:20:51] [DEBUG] Resolved dependency {"abstract":"App\\Infrastructure\\Routing\\Contracts\\RouterInterface"}
[2025-03-24 19:20:51] [DEBUG] Resolving dependency {"abstract":"App\\Infrastructure\\Routing\\Contracts\\RouteScannerInterface"}
[2025-03-24 19:20:51] [DEBUG] Resolving dependency {"abstract":"App\\Infrastructure\\Routing\\RouteScanner"}
[2025-03-24 19:20:51] [DEBUG] Resolving dependency {"abstract":"App\\Infrastructure\\Routing\\Contracts\\RouterInterface"}
[2025-03-24 19:20:51] [DEBUG] Resolving dependency {"abstract":"App\\Infrastructure\\Routing\\Router"}
[2025-03-24 19:20:51] [DEBUG] Resolved dependency {"abstract":"App\\Infrastructure\\Routing\\Contracts\\RouterInterface"}
[2025-03-24 19:20:51] [DEBUG] Resolving dependency {"abstract":"App\\Infrastructure\\Routing\\Contracts\\UrlGeneratorInterface"}
[2025-03-24 19:20:51] [DEBUG] Resolving dependency {"abstract":"App\\Infrastructure\\Routing\\UrlGenerator"}
[2025-03-24 19:20:51] [DEBUG] Resolved dependency {"abstract":"App\\Infrastructure\\Routing\\Contracts\\UrlGeneratorInterface"}
[2025-03-24 19:20:51] [DEBUG] Resolved dependency {"abstract":"App\\Infrastructure\\Routing\\Contracts\\RouteScannerInterface"}
[2025-03-24 19:20:51] [DEBUG] Resolving dependency {"abstract":"App\\Infrastructure\\Routing\\Contracts\\RouterInterface"}
[2025-03-24 19:20:51] [DEBUG] Resolving dependency {"abstract":"App\\Infrastructure\\Routing\\Router"}
[2025-03-24 19:20:51] [DEBUG] Resolved dependency {"abstract":"App\\Infrastructure\\Routing\\Contracts\\RouterInterface"}
[2025-03-24 19:20:51] [DEBUG] Resolving dependency {"abstract":"App\\Infrastructure\\Application\\Application"}
[2025-03-24 19:20:51] [DEBUG] Resolving dependency {"abstract":"App\\Infrastructure\\Container\\Contracts\\ContainerInterface"}
[2025-03-24 19:20:51] [DEBUG] Resolving dependency {"abstract":"App\\Infrastructure\\Http\\Contracts\\RequestFactoryInterface"}
[2025-03-24 19:20:51] [DEBUG] Resolving dependency {"abstract":"App\\Infrastructure\\Http\\Factory\\RequestFactory"}
[2025-03-24 19:20:51] [DEBUG] Resolved dependency {"abstract":"App\\Infrastructure\\Http\\Contracts\\RequestFactoryInterface"}
[2025-03-24 19:20:51] [DEBUG] Resolving dependency {"abstract":"App\\Infrastructure\\Routing\\Contracts\\RouterInterface"}
[2025-03-24 19:20:51] [DEBUG] Resolving dependency {"abstract":"App\\Infrastructure\\Routing\\Router"}
[2025-03-24 19:20:51] [DEBUG] Resolved dependency {"abstract":"App\\Infrastructure\\Routing\\Contracts\\RouterInterface"}
[2025-03-24 19:20:51] [DEBUG] Resolving dependency {"abstract":"App\\Infrastructure\\Session\\Contracts\\SessionInterface"}
[2025-03-24 19:20:51] [DEBUG] Resolving dependency {"abstract":"App\\Infrastructure\\Session\\Session"}
[2025-03-24 19:20:51] [DEBUG] Resolving dependency {"abstract":"App\\Infrastructure\\Session\\FlashMessageProvider"}
[2025-03-24 19:20:51] [DEBUG] Resolving dependency {"abstract":"App\\Infrastructure\\Container\\Contracts\\ContainerInterface"}
[2025-03-24 19:20:51] [DEBUG] Resolved dependency {"abstract":"App\\Infrastructure\\Session\\FlashMessageProvider"}
[2025-03-24 19:20:51] [DEBUG] Resolving dependency {"abstract":"App\\Infrastructure\\Session\\SessionConfiguration"}
[2025-03-24 19:20:51] [DEBUG] Resolved dependency {"abstract":"App\\Infrastructure\\Session\\SessionConfiguration"}
[2025-03-24 19:20:51] [DEBUG] Resolving dependency {"abstract":"App\\Infrastructure\\Session\\Contracts\\SessionStoreInterface"}
[2025-03-24 19:20:51] [DEBUG] Resolving dependency {"abstract":"App\\Infrastructure\\Session\\SessionConfiguration"}
[2025-03-24 19:20:51] [DEBUG] Resolved dependency {"abstract":"App\\Infrastructure\\Session\\Contracts\\SessionStoreInterface"}
[2025-03-24 19:20:51] [DEBUG] Resolving dependency {"abstract":"App\\Infrastructure\\Logging\\Contracts\\LoggerInterface"}
[2025-03-24 19:20:51] [DEBUG] Resolved dependency {"abstract":"App\\Infrastructure\\Session\\Session"}
[2025-03-24 19:20:51] [DEBUG] Resolved dependency {"abstract":"App\\Infrastructure\\Session\\Contracts\\SessionInterface"}
[2025-03-24 19:20:51] [DEBUG] Resolving dependency {"abstract":"App\\Infrastructure\\Logging\\Contracts\\LoggerInterface"}
[2025-03-24 19:20:51] [INFO] Application starting 
[2025-03-24 19:20:51] [DEBUG] Session started {"id":"m4r8k4srtp0mf39s9sgufg0bub"}
[2025-03-24 19:20:51] [DEBUG] Request created {"method":"GET","path":"/kickerscup/public/","ip":"::1"}
[2025-03-24 19:20:51] [INFO] Route not found {"method":"GET","path":"/kickerscup/public/"}
[2025-03-24 19:20:51] [DEBUG] Resolving dependency {"abstract":"App\\Infrastructure\\Http\\Contracts\\ResponseFactoryInterface"}
[2025-03-24 19:20:51] [DEBUG] Resolving dependency {"abstract":"App\\Infrastructure\\Http\\Factory\\ResponseFactory"}
[2025-03-24 19:20:51] [DEBUG] Resolved dependency {"abstract":"App\\Infrastructure\\Http\\Contracts\\ResponseFactoryInterface"}
[2025-03-24 19:20:51] [INFO] Request processed successfully {"status":404}
[2025-03-24 19:20:51] [DEBUG] Request finished 
[2025-03-24 19:22:25] [DEBUG] Resolving dependency {"abstract":"App\\Infrastructure\\Routing\\Contracts\\RouterInterface"}
[2025-03-24 19:22:25] [DEBUG] Resolving dependency {"abstract":"App\\Infrastructure\\Routing\\Router"}
[2025-03-24 19:22:25] [DEBUG] Resolving dependency {"abstract":"App\\Infrastructure\\Container\\Contracts\\ContainerInterface"}
[2025-03-24 19:22:25] [DEBUG] Resolving dependency {"abstract":"App\\Infrastructure\\Routing\\Contracts\\UrlGeneratorInterface"}
[2025-03-24 19:22:25] [DEBUG] Resolving dependency {"abstract":"App\\Infrastructure\\Routing\\UrlGenerator"}
[2025-03-24 19:22:25] [DEBUG] Resolved dependency {"abstract":"App\\Infrastructure\\Routing\\UrlGenerator"}
[2025-03-24 19:22:25] [DEBUG] Resolved dependency {"abstract":"App\\Infrastructure\\Routing\\Contracts\\UrlGeneratorInterface"}
[2025-03-24 19:22:25] [DEBUG] Resolving dependency {"abstract":"App\\Infrastructure\\Http\\Contracts\\ResponseFactoryInterface"}
[2025-03-24 19:22:25] [DEBUG] Resolving dependency {"abstract":"App\\Infrastructure\\Http\\Factory\\ResponseFactory"}
[2025-03-24 19:22:25] [DEBUG] Resolved dependency {"abstract":"App\\Infrastructure\\Http\\Factory\\ResponseFactory"}
[2025-03-24 19:22:25] [DEBUG] Resolved dependency {"abstract":"App\\Infrastructure\\Http\\Contracts\\ResponseFactoryInterface"}
[2025-03-24 19:22:25] [DEBUG] Resolving dependency {"abstract":"App\\Infrastructure\\Logging\\Contracts\\LoggerInterface"}
[2025-03-24 19:22:25] [DEBUG] Resolved dependency {"abstract":"App\\Infrastructure\\Routing\\Router"}
[2025-03-24 19:22:25] [DEBUG] Resolved dependency {"abstract":"App\\Infrastructure\\Routing\\Contracts\\RouterInterface"}
[2025-03-24 19:22:25] [DEBUG] Resolving dependency {"abstract":"App\\Infrastructure\\Routing\\Contracts\\RouteScannerInterface"}
[2025-03-24 19:22:25] [DEBUG] Resolving dependency {"abstract":"App\\Infrastructure\\Routing\\RouteScanner"}
[2025-03-24 19:22:25] [DEBUG] Resolving dependency {"abstract":"App\\Infrastructure\\Routing\\Contracts\\RouterInterface"}
[2025-03-24 19:22:25] [DEBUG] Resolving dependency {"abstract":"App\\Infrastructure\\Routing\\Router"}
[2025-03-24 19:22:25] [DEBUG] Resolved dependency {"abstract":"App\\Infrastructure\\Routing\\Contracts\\RouterInterface"}
[2025-03-24 19:22:25] [DEBUG] Resolving dependency {"abstract":"App\\Infrastructure\\Routing\\Contracts\\UrlGeneratorInterface"}
[2025-03-24 19:22:25] [DEBUG] Resolving dependency {"abstract":"App\\Infrastructure\\Routing\\UrlGenerator"}
[2025-03-24 19:22:25] [DEBUG] Resolved dependency {"abstract":"App\\Infrastructure\\Routing\\Contracts\\UrlGeneratorInterface"}
[2025-03-24 19:22:25] [DEBUG] Resolved dependency {"abstract":"App\\Infrastructure\\Routing\\Contracts\\RouteScannerInterface"}
[2025-03-24 19:22:25] [DEBUG] Resolving dependency {"abstract":"App\\Infrastructure\\Routing\\Contracts\\RouterInterface"}
[2025-03-24 19:22:25] [DEBUG] Resolving dependency {"abstract":"App\\Infrastructure\\Routing\\Router"}
[2025-03-24 19:22:25] [DEBUG] Resolved dependency {"abstract":"App\\Infrastructure\\Routing\\Contracts\\RouterInterface"}
[2025-03-24 19:22:38] [DEBUG] Resolving dependency {"abstract":"App\\Infrastructure\\Routing\\Contracts\\RouterInterface"}
[2025-03-24 19:22:38] [DEBUG] Resolving dependency {"abstract":"App\\Infrastructure\\Routing\\Router"}
[2025-03-24 19:22:38] [DEBUG] Resolving dependency {"abstract":"App\\Infrastructure\\Container\\Contracts\\ContainerInterface"}
[2025-03-24 19:22:38] [DEBUG] Resolving dependency {"abstract":"App\\Infrastructure\\Routing\\Contracts\\UrlGeneratorInterface"}
[2025-03-24 19:22:38] [DEBUG] Resolving dependency {"abstract":"App\\Infrastructure\\Routing\\UrlGenerator"}
[2025-03-24 19:22:38] [DEBUG] Resolved dependency {"abstract":"App\\Infrastructure\\Routing\\UrlGenerator"}
[2025-03-24 19:22:38] [DEBUG] Resolved dependency {"abstract":"App\\Infrastructure\\Routing\\Contracts\\UrlGeneratorInterface"}
[2025-03-24 19:22:38] [DEBUG] Resolving dependency {"abstract":"App\\Infrastructure\\Http\\Contracts\\ResponseFactoryInterface"}
[2025-03-24 19:22:38] [DEBUG] Resolving dependency {"abstract":"App\\Infrastructure\\Http\\Factory\\ResponseFactory"}
[2025-03-24 19:22:38] [DEBUG] Resolved dependency {"abstract":"App\\Infrastructure\\Http\\Factory\\ResponseFactory"}
[2025-03-24 19:22:38] [DEBUG] Resolved dependency {"abstract":"App\\Infrastructure\\Http\\Contracts\\ResponseFactoryInterface"}
[2025-03-24 19:22:38] [DEBUG] Resolving dependency {"abstract":"App\\Infrastructure\\Logging\\Contracts\\LoggerInterface"}
[2025-03-24 19:22:38] [DEBUG] Resolved dependency {"abstract":"App\\Infrastructure\\Routing\\Router"}
[2025-03-24 19:22:38] [DEBUG] Resolved dependency {"abstract":"App\\Infrastructure\\Routing\\Contracts\\RouterInterface"}
[2025-03-24 19:22:38] [DEBUG] Resolving dependency {"abstract":"App\\Infrastructure\\Routing\\Contracts\\RouteScannerInterface"}
[2025-03-24 19:22:38] [DEBUG] Resolving dependency {"abstract":"App\\Infrastructure\\Routing\\RouteScanner"}
[2025-03-24 19:22:38] [DEBUG] Resolving dependency {"abstract":"App\\Infrastructure\\Routing\\Contracts\\RouterInterface"}
[2025-03-24 19:22:38] [DEBUG] Resolving dependency {"abstract":"App\\Infrastructure\\Routing\\Router"}
[2025-03-24 19:22:38] [DEBUG] Resolved dependency {"abstract":"App\\Infrastructure\\Routing\\Contracts\\RouterInterface"}
[2025-03-24 19:22:38] [DEBUG] Resolving dependency {"abstract":"App\\Infrastructure\\Routing\\Contracts\\UrlGeneratorInterface"}
[2025-03-24 19:22:38] [DEBUG] Resolving dependency {"abstract":"App\\Infrastructure\\Routing\\UrlGenerator"}
[2025-03-24 19:22:38] [DEBUG] Resolved dependency {"abstract":"App\\Infrastructure\\Routing\\Contracts\\UrlGeneratorInterface"}
[2025-03-24 19:22:38] [DEBUG] Resolved dependency {"abstract":"App\\Infrastructure\\Routing\\Contracts\\RouteScannerInterface"}
[2025-03-24 19:22:38] [DEBUG] Resolving dependency {"abstract":"App\\Infrastructure\\Routing\\Contracts\\RouterInterface"}
[2025-03-24 19:22:38] [DEBUG] Resolving dependency {"abstract":"App\\Infrastructure\\Routing\\Router"}
[2025-03-24 19:22:38] [DEBUG] Resolved dependency {"abstract":"App\\Infrastructure\\Routing\\Contracts\\RouterInterface"}
[2025-03-24 19:22:38] [DEBUG] Resolving dependency {"abstract":"App\\Infrastructure\\Application\\Application"}
[2025-03-24 19:22:38] [DEBUG] Resolving dependency {"abstract":"App\\Infrastructure\\Container\\Contracts\\ContainerInterface"}
[2025-03-24 19:22:38] [DEBUG] Resolving dependency {"abstract":"App\\Infrastructure\\Http\\Contracts\\RequestFactoryInterface"}
[2025-03-24 19:22:38] [DEBUG] Resolving dependency {"abstract":"App\\Infrastructure\\Http\\Factory\\RequestFactory"}
[2025-03-24 19:22:38] [DEBUG] Resolved dependency {"abstract":"App\\Infrastructure\\Http\\Contracts\\RequestFactoryInterface"}
[2025-03-24 19:22:38] [DEBUG] Resolving dependency {"abstract":"App\\Infrastructure\\Routing\\Contracts\\RouterInterface"}
[2025-03-24 19:22:38] [DEBUG] Resolving dependency {"abstract":"App\\Infrastructure\\Routing\\Router"}
[2025-03-24 19:22:38] [DEBUG] Resolved dependency {"abstract":"App\\Infrastructure\\Routing\\Contracts\\RouterInterface"}
[2025-03-24 19:22:38] [DEBUG] Resolving dependency {"abstract":"App\\Infrastructure\\Session\\Contracts\\SessionInterface"}
[2025-03-24 19:22:38] [DEBUG] Resolving dependency {"abstract":"App\\Infrastructure\\Session\\Session"}
[2025-03-24 19:22:38] [DEBUG] Resolving dependency {"abstract":"App\\Infrastructure\\Session\\FlashMessageProvider"}
[2025-03-24 19:22:38] [DEBUG] Resolving dependency {"abstract":"App\\Infrastructure\\Container\\Contracts\\ContainerInterface"}
[2025-03-24 19:22:38] [DEBUG] Resolved dependency {"abstract":"App\\Infrastructure\\Session\\FlashMessageProvider"}
[2025-03-24 19:22:38] [DEBUG] Resolving dependency {"abstract":"App\\Infrastructure\\Session\\SessionConfiguration"}
[2025-03-24 19:22:38] [DEBUG] Resolved dependency {"abstract":"App\\Infrastructure\\Session\\SessionConfiguration"}
[2025-03-24 19:22:38] [DEBUG] Resolving dependency {"abstract":"App\\Infrastructure\\Session\\Contracts\\SessionStoreInterface"}
[2025-03-24 19:22:38] [DEBUG] Resolving dependency {"abstract":"App\\Infrastructure\\Session\\SessionConfiguration"}
[2025-03-24 19:22:38] [DEBUG] Resolved dependency {"abstract":"App\\Infrastructure\\Session\\Contracts\\SessionStoreInterface"}
[2025-03-24 19:22:38] [DEBUG] Resolving dependency {"abstract":"App\\Infrastructure\\Logging\\Contracts\\LoggerInterface"}
[2025-03-24 19:22:38] [DEBUG] Resolved dependency {"abstract":"App\\Infrastructure\\Session\\Session"}
[2025-03-24 19:22:38] [DEBUG] Resolved dependency {"abstract":"App\\Infrastructure\\Session\\Contracts\\SessionInterface"}
[2025-03-24 19:22:38] [DEBUG] Resolving dependency {"abstract":"App\\Infrastructure\\Logging\\Contracts\\LoggerInterface"}
[2025-03-24 19:22:38] [INFO] Application starting 
[2025-03-24 19:22:38] [DEBUG] Session started {"id":"m4r8k4srtp0mf39s9sgufg0bub"}
[2025-03-24 19:22:38] [DEBUG] Request created {"method":"GET","path":"/kickerscup/public/","ip":"::1"}
[2025-03-24 19:22:38] [INFO] Route not found {"method":"GET","path":"/kickerscup/public/"}
[2025-03-24 19:22:38] [DEBUG] Resolving dependency {"abstract":"App\\Infrastructure\\Http\\Contracts\\ResponseFactoryInterface"}
[2025-03-24 19:22:38] [DEBUG] Resolving dependency {"abstract":"App\\Infrastructure\\Http\\Factory\\ResponseFactory"}
[2025-03-24 19:22:38] [DEBUG] Resolved dependency {"abstract":"App\\Infrastructure\\Http\\Contracts\\ResponseFactoryInterface"}
[2025-03-24 19:22:38] [INFO] Request processed successfully {"status":404}
[2025-03-24 19:22:38] [DEBUG] Request finished 
[2025-03-24 19:22:45] [DEBUG] Resolving dependency {"abstract":"App\\Infrastructure\\Routing\\Contracts\\RouterInterface"}
[2025-03-24 19:22:45] [DEBUG] Resolving dependency {"abstract":"App\\Infrastructure\\Routing\\Router"}
[2025-03-24 19:22:45] [DEBUG] Resolving dependency {"abstract":"App\\Infrastructure\\Container\\Contracts\\ContainerInterface"}
[2025-03-24 19:22:45] [DEBUG] Resolving dependency {"abstract":"App\\Infrastructure\\Routing\\Contracts\\UrlGeneratorInterface"}
[2025-03-24 19:22:45] [DEBUG] Resolving dependency {"abstract":"App\\Infrastructure\\Routing\\UrlGenerator"}
[2025-03-24 19:22:45] [DEBUG] Resolved dependency {"abstract":"App\\Infrastructure\\Routing\\UrlGenerator"}
[2025-03-24 19:22:45] [DEBUG] Resolved dependency {"abstract":"App\\Infrastructure\\Routing\\Contracts\\UrlGeneratorInterface"}
[2025-03-24 19:22:45] [DEBUG] Resolving dependency {"abstract":"App\\Infrastructure\\Http\\Contracts\\ResponseFactoryInterface"}
[2025-03-24 19:22:45] [DEBUG] Resolving dependency {"abstract":"App\\Infrastructure\\Http\\Factory\\ResponseFactory"}
[2025-03-24 19:22:45] [DEBUG] Resolved dependency {"abstract":"App\\Infrastructure\\Http\\Factory\\ResponseFactory"}
[2025-03-24 19:22:45] [DEBUG] Resolved dependency {"abstract":"App\\Infrastructure\\Http\\Contracts\\ResponseFactoryInterface"}
[2025-03-24 19:22:45] [DEBUG] Resolving dependency {"abstract":"App\\Infrastructure\\Logging\\Contracts\\LoggerInterface"}
[2025-03-24 19:22:45] [DEBUG] Resolved dependency {"abstract":"App\\Infrastructure\\Routing\\Router"}
[2025-03-24 19:22:45] [DEBUG] Resolved dependency {"abstract":"App\\Infrastructure\\Routing\\Contracts\\RouterInterface"}
[2025-03-24 19:22:45] [DEBUG] Resolving dependency {"abstract":"App\\Infrastructure\\Routing\\Contracts\\RouteScannerInterface"}
[2025-03-24 19:22:45] [DEBUG] Resolving dependency {"abstract":"App\\Infrastructure\\Routing\\RouteScanner"}
[2025-03-24 19:22:45] [DEBUG] Resolving dependency {"abstract":"App\\Infrastructure\\Routing\\Contracts\\RouterInterface"}
[2025-03-24 19:22:45] [DEBUG] Resolving dependency {"abstract":"App\\Infrastructure\\Routing\\Router"}
[2025-03-24 19:22:45] [DEBUG] Resolved dependency {"abstract":"App\\Infrastructure\\Routing\\Contracts\\RouterInterface"}
[2025-03-24 19:22:45] [DEBUG] Resolving dependency {"abstract":"App\\Infrastructure\\Routing\\Contracts\\UrlGeneratorInterface"}
[2025-03-24 19:22:45] [DEBUG] Resolving dependency {"abstract":"App\\Infrastructure\\Routing\\UrlGenerator"}
[2025-03-24 19:22:45] [DEBUG] Resolved dependency {"abstract":"App\\Infrastructure\\Routing\\Contracts\\UrlGeneratorInterface"}
[2025-03-24 19:22:45] [DEBUG] Resolved dependency {"abstract":"App\\Infrastructure\\Routing\\Contracts\\RouteScannerInterface"}
[2025-03-24 19:22:45] [DEBUG] Resolving dependency {"abstract":"App\\Infrastructure\\Routing\\Contracts\\RouterInterface"}
[2025-03-24 19:22:45] [DEBUG] Resolving dependency {"abstract":"App\\Infrastructure\\Routing\\Router"}
[2025-03-24 19:22:45] [DEBUG] Resolved dependency {"abstract":"App\\Infrastructure\\Routing\\Contracts\\RouterInterface"}
[2025-03-24 19:22:45] [DEBUG] Resolving dependency {"abstract":"App\\Infrastructure\\Application\\Application"}
[2025-03-24 19:22:45] [DEBUG] Resolving dependency {"abstract":"App\\Infrastructure\\Container\\Contracts\\ContainerInterface"}
[2025-03-24 19:22:45] [DEBUG] Resolving dependency {"abstract":"App\\Infrastructure\\Http\\Contracts\\RequestFactoryInterface"}
[2025-03-24 19:22:45] [DEBUG] Resolving dependency {"abstract":"App\\Infrastructure\\Http\\Factory\\RequestFactory"}
[2025-03-24 19:22:45] [DEBUG] Resolved dependency {"abstract":"App\\Infrastructure\\Http\\Contracts\\RequestFactoryInterface"}
[2025-03-24 19:22:45] [DEBUG] Resolving dependency {"abstract":"App\\Infrastructure\\Routing\\Contracts\\RouterInterface"}
[2025-03-24 19:22:45] [DEBUG] Resolving dependency {"abstract":"App\\Infrastructure\\Routing\\Router"}
[2025-03-24 19:22:45] [DEBUG] Resolved dependency {"abstract":"App\\Infrastructure\\Routing\\Contracts\\RouterInterface"}
[2025-03-24 19:22:45] [DEBUG] Resolving dependency {"abstract":"App\\Infrastructure\\Session\\Contracts\\SessionInterface"}
[2025-03-24 19:22:45] [DEBUG] Resolving dependency {"abstract":"App\\Infrastructure\\Session\\Session"}
[2025-03-24 19:22:45] [DEBUG] Resolving dependency {"abstract":"App\\Infrastructure\\Session\\FlashMessageProvider"}
[2025-03-24 19:22:45] [DEBUG] Resolving dependency {"abstract":"App\\Infrastructure\\Container\\Contracts\\ContainerInterface"}
[2025-03-24 19:22:45] [DEBUG] Resolved dependency {"abstract":"App\\Infrastructure\\Session\\FlashMessageProvider"}
[2025-03-24 19:22:45] [DEBUG] Resolving dependency {"abstract":"App\\Infrastructure\\Session\\SessionConfiguration"}
[2025-03-24 19:22:45] [DEBUG] Resolved dependency {"abstract":"App\\Infrastructure\\Session\\SessionConfiguration"}
[2025-03-24 19:22:45] [DEBUG] Resolving dependency {"abstract":"App\\Infrastructure\\Session\\Contracts\\SessionStoreInterface"}
[2025-03-24 19:22:45] [DEBUG] Resolving dependency {"abstract":"App\\Infrastructure\\Session\\SessionConfiguration"}
[2025-03-24 19:22:45] [DEBUG] Resolved dependency {"abstract":"App\\Infrastructure\\Session\\Contracts\\SessionStoreInterface"}
[2025-03-24 19:22:45] [DEBUG] Resolving dependency {"abstract":"App\\Infrastructure\\Logging\\Contracts\\LoggerInterface"}
[2025-03-24 19:22:45] [DEBUG] Resolved dependency {"abstract":"App\\Infrastructure\\Session\\Session"}
[2025-03-24 19:22:45] [DEBUG] Resolved dependency {"abstract":"App\\Infrastructure\\Session\\Contracts\\SessionInterface"}
[2025-03-24 19:22:45] [DEBUG] Resolving dependency {"abstract":"App\\Infrastructure\\Logging\\Contracts\\LoggerInterface"}
[2025-03-24 19:22:45] [INFO] Application starting 
[2025-03-24 19:22:45] [DEBUG] Session started {"id":"m4r8k4srtp0mf39s9sgufg0bub"}
[2025-03-24 19:22:45] [DEBUG] Request created {"method":"GET","path":"/kickerscup/public/","ip":"::1"}
[2025-03-24 19:22:45] [INFO] Route not found {"method":"GET","path":"/kickerscup/public/"}
[2025-03-24 19:22:45] [DEBUG] Resolving dependency {"abstract":"App\\Infrastructure\\Http\\Contracts\\ResponseFactoryInterface"}
[2025-03-24 19:22:45] [DEBUG] Resolving dependency {"abstract":"App\\Infrastructure\\Http\\Factory\\ResponseFactory"}
[2025-03-24 19:22:45] [DEBUG] Resolved dependency {"abstract":"App\\Infrastructure\\Http\\Contracts\\ResponseFactoryInterface"}
[2025-03-24 19:22:45] [INFO] Request processed successfully {"status":404}
[2025-03-24 19:22:45] [DEBUG] Request finished 
